<?xml version="1.0" encoding="utf-8"?><testsuites name="pytest tests"><testsuite name="pytest" errors="0" failures="0" skipped="0" tests="11" time="8.198" timestamp="2026-01-14T17:16:35.872921+00:00" hostname="agent-env-0cda340d-f8da-4678-9566-75e86677979d"><testcase classname="tests.test_flipbook_styles.TestFlipbookStyleFeature" name="test_create_event_with_memory_archive_style" time="0.930" /><testcase classname="tests.test_flipbook_styles.TestFlipbookStyleFeature" name="test_create_event_with_typography_collage_style" time="0.864" /><testcase classname="tests.test_flipbook_styles.TestFlipbookStyleFeature" name="test_create_event_with_minimalist_story_style" time="0.851" /><testcase classname="tests.test_flipbook_styles.TestFlipbookStyleFeature" name="test_create_event_default_flipbook_style" time="0.847" /><testcase classname="tests.test_flipbook_styles.TestFlipbookStyleFeature" name="test_get_event_returns_flipbook_style" time="0.879" /><testcase classname="tests.test_flipbook_styles.TestFlipbookStyleFeature" name="test_list_events_returns_flipbook_style" time="1.007" /><testcase classname="tests.test_flipbook_styles.TestFlipbookStyleFeature" name="test_create_flipbook_no_photos_returns_400" time="0.888" /><testcase classname="tests.test_flipbook_styles.TestFlipbookStyleFeature" name="test_create_flipbook_nonexistent_event_returns_404" time="0.858" /><testcase classname="tests.test_flipbook_styles.TestFlipbookStyleValidation" name="test_all_three_styles_are_accepted" time="0.914" /><testcase classname="tests.test_flipbook_styles.TestAuthenticationRequired" name="test_create_event_requires_auth" time="0.033" /><testcase classname="tests.test_flipbook_styles.TestAuthenticationRequired" name="test_create_flipbook_requires_auth" time="0.034" /></testsuite></testsuites>