<?xml version="1.0" encoding="utf-8"?><testsuites name="pytest tests"><testsuite name="pytest" errors="0" failures="0" skipped="0" tests="8" time="1.686" timestamp="2026-01-14T18:37:50.998444+00:00" hostname="agent-env-0cda340d-f8da-4678-9566-75e86677979d"><testcase classname="tests.test_notes_feature.TestGuestEventEndpoint" name="test_get_guest_event" time="0.541" /><testcase classname="tests.test_notes_feature.TestTrackUploadWithNote" name="test_track_upload_with_note" time="0.036" /><testcase classname="tests.test_notes_feature.TestTrackUploadWithNote" name="test_track_upload_without_note" time="0.041" /><testcase classname="tests.test_notes_feature.TestTrackUploadWithNote" name="test_track_upload_with_empty_note" time="0.039" /><testcase classname="tests.test_notes_feature.TestTrackUploadWithNote" name="test_track_upload_with_long_note" time="0.040" /><testcase classname="tests.test_notes_feature.TestGetEventPhotosWithNotes" name="test_get_photos_returns_note_field" time="0.078" /><testcase classname="tests.test_notes_feature.TestPhotoModelHasNoteField" name="test_photo_document_has_note" time="0.388" /><testcase classname="tests.test_notes_feature.TestDeviceLimitEndpoint" name="test_check_device_limit" time="0.430" /></testsuite></testsuites>