<?xml version="1.0" encoding="utf-8"?><testsuites name="pytest tests"><testsuite name="pytest" errors="0" failures="0" skipped="0" tests="25" time="2.725" timestamp="2026-01-14T17:37:06.561107+00:00" hostname="agent-env-0cda340d-f8da-4678-9566-75e86677979d"><testcase classname="tests.test_premium_filters.TestPremiumFiltersBackend" name="test_api_connectivity" time="0.075" /><testcase classname="tests.test_premium_filters.TestPremiumFiltersBackend" name="test_create_event_with_premium_filter[luxury]" time="0.066" /><testcase classname="tests.test_premium_filters.TestPremiumFiltersBackend" name="test_create_event_with_premium_filter[night]" time="0.148" /><testcase classname="tests.test_premium_filters.TestPremiumFiltersBackend" name="test_create_event_with_premium_filter[pastel]" time="0.144" /><testcase classname="tests.test_premium_filters.TestPremiumFiltersBackend" name="test_create_event_with_premium_filter[film]" time="0.104" /><testcase classname="tests.test_premium_filters.TestPremiumFiltersBackend" name="test_create_event_with_premium_filter[editorial]" time="0.107" /><testcase classname="tests.test_premium_filters.TestPremiumFiltersBackend" name="test_create_event_with_wedding_filter[romance]" time="0.053" /><testcase classname="tests.test_premium_filters.TestPremiumFiltersBackend" name="test_create_event_with_wedding_filter[royal]" time="0.056" /><testcase classname="tests.test_premium_filters.TestPremiumFiltersBackend" name="test_create_event_with_wedding_filter[pure]" time="0.094" /><testcase classname="tests.test_premium_filters.TestPremiumFiltersBackend" name="test_create_event_with_wedding_filter[candle]" time="0.050" /><testcase classname="tests.test_premium_filters.TestPremiumFiltersBackend" name="test_create_event_with_wedding_filter[memory]" time="0.055" /><testcase classname="tests.test_premium_filters.TestPremiumFiltersBackend" name="test_guest_access_returns_filter_type" time="0.161" /><testcase classname="tests.test_premium_filters.TestPremiumFiltersBackend" name="test_list_events_includes_filter_type" time="0.327" /><testcase classname="tests.test_premium_filters.TestPremiumFiltersBackend" name="test_default_filter_type" time="0.094" /><testcase classname="tests.test_premium_filters.TestPremiumFiltersBackend" name="test_invalid_filter_type_accepted" time="0.086" /><testcase classname="tests.test_premium_filters.TestGuestCameraFilterIntegration" name="test_guest_camera_receives_filter[luxury]" time="0.131" /><testcase classname="tests.test_premium_filters.TestGuestCameraFilterIntegration" name="test_guest_camera_receives_filter[night]" time="0.089" /><testcase classname="tests.test_premium_filters.TestGuestCameraFilterIntegration" name="test_guest_camera_receives_filter[pastel]" time="0.123" /><testcase classname="tests.test_premium_filters.TestGuestCameraFilterIntegration" name="test_guest_camera_receives_filter[film]" time="0.088" /><testcase classname="tests.test_premium_filters.TestGuestCameraFilterIntegration" name="test_guest_camera_receives_filter[editorial]" time="0.085" /><testcase classname="tests.test_premium_filters.TestGuestCameraFilterIntegration" name="test_guest_camera_receives_filter[romance]" time="0.081" /><testcase classname="tests.test_premium_filters.TestGuestCameraFilterIntegration" name="test_guest_camera_receives_filter[royal]" time="0.118" /><testcase classname="tests.test_premium_filters.TestGuestCameraFilterIntegration" name="test_guest_camera_receives_filter[pure]" time="0.079" /><testcase classname="tests.test_premium_filters.TestGuestCameraFilterIntegration" name="test_guest_camera_receives_filter[candle]" time="0.125" /><testcase classname="tests.test_premium_filters.TestGuestCameraFilterIntegration" name="test_guest_camera_receives_filter[memory]" time="0.090" /></testsuite></testsuites>